INFO : 21-Jan-2021 22:35:24 : Saving pre_processed_data
INFO : 21-Jan-2021 22:35:24 : Saving train_data
INFO : 21-Jan-2021 22:35:24 : Saving test_data
INFO : 21-Jan-2021 22:35:49 : Saving pre_processed_data
INFO : 21-Jan-2021 22:35:49 : Saving train_data
INFO : 21-Jan-2021 22:35:49 : Saving test_data
INFO : 21-Jan-2021 22:35:50 : Training with model: knn
INFO : 21-Jan-2021 22:35:50 : Saving knn
INFO : 21-Jan-2021 22:36:10 : Saving pre_processed_data
INFO : 21-Jan-2021 22:36:10 : Saving train_data
INFO : 21-Jan-2021 22:36:10 : Saving test_data
INFO : 21-Jan-2021 22:36:10 : Training with model: knn
INFO : 21-Jan-2021 22:36:10 : Saving knn
INFO : 21-Jan-2021 22:36:22 : Saving pre_processed_data
INFO : 21-Jan-2021 22:36:22 : Saving train_data
INFO : 21-Jan-2021 22:36:22 : Saving test_data
INFO : 21-Jan-2021 22:36:26 : Training with model: knn
INFO : 21-Jan-2021 22:36:26 : Saving knn
INFO : 21-Jan-2021 22:37:06 : Saving pre_processed_data
INFO : 21-Jan-2021 22:37:06 : Saving train_data
INFO : 21-Jan-2021 22:37:06 : Saving test_data
INFO : 21-Jan-2021 22:37:07 : Training with model: knn
INFO : 21-Jan-2021 22:37:07 : Saving knn
INFO : 21-Jan-2021 22:37:19 : Saving pre_processed_data
INFO : 21-Jan-2021 22:37:19 : Saving train_data
INFO : 21-Jan-2021 22:37:19 : Saving test_data
INFO : 21-Jan-2021 22:37:20 : Training with model: knn
INFO : 21-Jan-2021 22:37:20 : Saving knn
INFO : 21-Jan-2021 22:37:39 : Saving pre_processed_data
INFO : 21-Jan-2021 22:37:39 : Saving train_data
INFO : 21-Jan-2021 22:37:39 : Saving test_data
INFO : 21-Jan-2021 22:37:41 : Training with model: knn
INFO : 21-Jan-2021 22:37:41 : Saving knn
INFO : 21-Jan-2021 22:38:56 : Saving pre_processed_data
INFO : 21-Jan-2021 22:38:56 : Saving train_data
INFO : 21-Jan-2021 22:38:56 : Saving test_data
INFO : 21-Jan-2021 22:38:57 : Training with model: knn
INFO : 21-Jan-2021 22:38:57 : Saving knn
INFO : 21-Jan-2021 22:40:07 : Saving pre_processed_data
INFO : 21-Jan-2021 22:40:07 : Saving train_data
INFO : 21-Jan-2021 22:40:07 : Saving test_data
INFO : 21-Jan-2021 22:40:07 : Training with model: knn
INFO : 21-Jan-2021 22:40:07 : Saving knn
INFO : 21-Jan-2021 22:40:55 : Saving pre_processed_data
INFO : 21-Jan-2021 22:40:55 : Saving train_data
INFO : 21-Jan-2021 22:40:55 : Saving test_data
INFO : 21-Jan-2021 22:41:04 : Saving pre_processed_data
INFO : 21-Jan-2021 22:41:04 : Saving train_data
INFO : 21-Jan-2021 22:41:04 : Saving test_data
INFO : 21-Jan-2021 22:41:05 : Training with model: knn
INFO : 21-Jan-2021 22:41:05 : Saving knn
INFO : 21-Jan-2021 22:41:05 : Testing with model: knn
INFO : 21-Jan-2021 22:41:44 : Saving pre_processed_data
INFO : 21-Jan-2021 22:41:44 : Saving train_data
INFO : 21-Jan-2021 22:41:44 : Saving test_data
INFO : 21-Jan-2021 22:41:45 : Training with model: knn
INFO : 21-Jan-2021 22:41:45 : Saving knn
INFO : 21-Jan-2021 22:42:02 : Saving pre_processed_data
INFO : 21-Jan-2021 22:42:02 : Saving train_data
INFO : 21-Jan-2021 22:42:02 : Saving test_data
INFO : 21-Jan-2021 22:42:03 : Training with model: knn
INFO : 21-Jan-2021 22:42:03 : Saving knn
INFO : 21-Jan-2021 22:42:03 : Testing with model: knn
INFO : 21-Jan-2021 22:46:24 : Saving pre_processed_data
INFO : 21-Jan-2021 22:46:24 : Saving train_data
INFO : 21-Jan-2021 22:46:24 : Saving test_data
INFO : 21-Jan-2021 22:46:25 : Training with model: knn
INFO : 21-Jan-2021 22:46:25 : Saving knn
INFO : 21-Jan-2021 22:46:25 : Testing with model: knn
INFO : 21-Jan-2021 22:47:38 : Saving pre_processed_data
INFO : 21-Jan-2021 22:47:38 : Saving train_data
INFO : 21-Jan-2021 22:47:38 : Saving test_data
INFO : 21-Jan-2021 22:47:40 : Training with model: knn
INFO : 21-Jan-2021 22:47:40 : Saving knn
INFO : 21-Jan-2021 22:47:40 : Testing with model: knn
INFO : 21-Jan-2021 22:47:51 : Saving pre_processed_data
INFO : 21-Jan-2021 22:47:51 : Saving train_data
INFO : 21-Jan-2021 22:47:51 : Saving test_data
INFO : 21-Jan-2021 22:47:54 : Training with model: svm
INFO : 21-Jan-2021 22:47:54 : Saving svm
INFO : 21-Jan-2021 22:47:54 : Testing with model: svm
INFO : 21-Jan-2021 22:47:59 : Saving pre_processed_data
INFO : 21-Jan-2021 22:47:59 : Saving train_data
INFO : 21-Jan-2021 22:47:59 : Saving test_data
INFO : 21-Jan-2021 22:48:00 : Training with model: logisticregression
INFO : 21-Jan-2021 22:48:00 : Saving logisticregression
INFO : 21-Jan-2021 22:48:00 : Testing with model: logisticregression
INFO : 21-Jan-2021 22:49:50 : Saving pre_processed_data
INFO : 21-Jan-2021 22:49:50 : Saving train_data
INFO : 21-Jan-2021 22:49:50 : Saving test_data
INFO : 21-Jan-2021 22:49:51 : Training with model: logisticregression
INFO : 21-Jan-2021 22:49:51 : Saving logisticregression
INFO : 21-Jan-2021 22:49:51 : Testing with model: logisticregression
INFO : 21-Jan-2021 22:49:55 : Saving pre_processed_data
INFO : 21-Jan-2021 22:49:55 : Saving train_data
INFO : 21-Jan-2021 22:49:55 : Saving test_data
INFO : 21-Jan-2021 22:49:56 : Training with model: logisticregression
INFO : 21-Jan-2021 22:49:56 : Saving logisticregression
INFO : 21-Jan-2021 22:49:56 : Testing with model: logisticregression
INFO : 21-Jan-2021 22:50:18 : Saving pre_processed_data
INFO : 21-Jan-2021 22:50:18 : Saving train_data
INFO : 21-Jan-2021 22:50:18 : Saving test_data
INFO : 21-Jan-2021 22:50:19 : Training with model: logisticregression
INFO : 21-Jan-2021 22:50:19 : Saving logisticregression
INFO : 21-Jan-2021 22:50:19 : Testing with model: logisticregression
INFO : 21-Jan-2021 22:50:33 : Saving pre_processed_data
INFO : 21-Jan-2021 22:50:33 : Saving train_data
INFO : 21-Jan-2021 22:50:33 : Saving test_data
INFO : 21-Jan-2021 22:50:34 : Training with model: logisticregression
INFO : 21-Jan-2021 22:50:34 : Saving logisticregression
INFO : 21-Jan-2021 22:50:34 : Testing with model: logisticregression
INFO : 21-Jan-2021 22:51:03 : Saving pre_processed_data
INFO : 21-Jan-2021 22:51:03 : Saving train_data
INFO : 21-Jan-2021 22:51:03 : Saving test_data
INFO : 21-Jan-2021 22:51:03 : Training with model: logisticregression
INFO : 21-Jan-2021 22:51:03 : Saving logisticregression
INFO : 21-Jan-2021 22:51:03 : Testing with model: logisticregression
INFO : 21-Jan-2021 22:52:32 : Saving pre_processed_data
INFO : 21-Jan-2021 22:52:32 : Saving train_data
INFO : 21-Jan-2021 22:52:32 : Saving test_data
INFO : 21-Jan-2021 22:52:33 : Training with model: logisticregression
INFO : 21-Jan-2021 22:52:48 : Saving pre_processed_data
INFO : 21-Jan-2021 22:52:48 : Saving train_data
INFO : 21-Jan-2021 22:52:48 : Saving test_data
INFO : 21-Jan-2021 22:52:48 : Training with model: logisticregression
INFO : 21-Jan-2021 22:52:48 : Saving logisticregression
INFO : 21-Jan-2021 22:52:48 : Testing with model: logisticregression
